
Processing getTH2Content.cpp("/uscmst1b_scratch/lpc1/3DayLifetime/bschneid/production235_merged/TChiWZ_Delphes_v10.root", "susy_masses")...
x/y:  100.0/   0.0:   55094.00
x/y:  100.0/  10.0:   48701.00
x/y:  100.0/  20.0:   47120.00
x/y:  100.0/  30.0:   48739.00
x/y:  100.0/  40.0:   52585.00
x/y:  100.0/  50.0:   47275.00
x/y:  100.0/  60.0:   92034.00
x/y:  100.0/  70.0:   95652.00
x/y:  100.0/  80.0:   97093.00
x/y:  100.0/  85.0:  103605.00
x/y:  100.0/  90.0:  101688.00
x/y:  100.0/  92.5:  103746.00
x/y:  125.0/   5.0:   52408.00
x/y:  125.0/  15.0:   53607.00
x/y:  125.0/  25.0:   49740.00
x/y:  125.0/  35.0:   53846.00
x/y:  125.0/  45.0:   51327.00
x/y:  125.0/  55.0:   49702.00
x/y:  125.0/  65.0:   45382.00
x/y:  125.0/  75.0:   49809.00
x/y:  125.0/  85.0:   99525.00
x/y:  125.0/  95.0:   93149.00
x/y:  125.0/ 105.0:  100525.00
x/y:  125.0/ 110.0:   97335.00
x/y:  125.0/ 115.0:  100003.00
x/y:  125.0/ 117.5:  102077.00
x/y:  150.0/   0.0:   46335.00
x/y:  150.0/  10.0:   55453.00
x/y:  150.0/  20.0:   57042.00
x/y:  150.0/  30.0:   45661.00
x/y:  150.0/  40.0:   52560.00
x/y:  150.0/  50.0:   45583.00
x/y:  150.0/  60.0:   48361.00
x/y:  150.0/  70.0:   49137.00
x/y:  150.0/  80.0:   48850.00
x/y:  150.0/  90.0:   47769.00
x/y:  150.0/ 100.0:   42265.00
x/y:  150.0/ 110.0:   95374.00
x/y:  150.0/ 120.0:   99445.00
x/y:  150.0/ 130.0:   97212.00
x/y:  150.0/ 135.0:   96528.00
x/y:  150.0/ 140.0:  103280.00
x/y:  150.0/ 142.5:   93128.00
x/y:  175.0/   0.0:   41725.00
x/y:  175.0/  25.0:   54232.00
x/y:  175.0/  35.0:   48645.00
x/y:  175.0/  45.0:   47915.00
x/y:  175.0/  55.0:   51323.00
x/y:  175.0/  65.0:   50173.00
x/y:  175.0/  75.0:   52991.00
x/y:  175.0/  85.0:   48502.00
x/y:  175.0/  95.0:   50261.00
x/y:  175.0/ 105.0:   54764.00
x/y:  175.0/ 115.0:   49168.00
x/y:  175.0/ 125.0:   47813.00
x/y:  175.0/ 135.0:   91299.00
x/y:  175.0/ 145.0:   97372.00
x/y:  175.0/ 155.0:   97304.00
x/y:  175.0/ 160.0:   98384.00
x/y:  175.0/ 165.0:   95681.00
x/y:  175.0/ 167.5:  103716.00
x/y:  200.0/   0.0:   47837.00
x/y:  200.0/  25.0:   49613.00
x/y:  200.0/  50.0:   47973.00
x/y:  200.0/  60.0:   52446.00
x/y:  200.0/  70.0:   51941.00
x/y:  200.0/  80.0:   48662.00
x/y:  200.0/  90.0:   49754.00
x/y:  200.0/ 100.0:   47662.00
x/y:  200.0/ 110.0:   50700.00
x/y:  200.0/ 120.0:   54754.00
x/y:  200.0/ 130.0:   53452.00
x/y:  200.0/ 140.0:   45590.00
x/y:  200.0/ 150.0:   47591.00
x/y:  200.0/ 160.0:  103946.00
x/y:  200.0/ 170.0:   98290.00
x/y:  200.0/ 180.0:   99762.00
x/y:  200.0/ 185.0:   93362.00
x/y:  200.0/ 190.0:   90272.00
x/y:  200.0/ 192.5:  101693.00
x/y:  225.0/   0.0:   49943.00
x/y:  225.0/  25.0:   53109.00
x/y:  225.0/  50.0:   50885.00
x/y:  225.0/  75.0:   44927.00
x/y:  225.0/  85.0:   48368.00
x/y:  225.0/  95.0:   54923.00
x/y:  225.0/ 105.0:   53252.00
x/y:  225.0/ 115.0:   47712.00
x/y:  225.0/ 125.0:   53065.00
x/y:  225.0/ 135.0:   51982.00
x/y:  225.0/ 145.0:   52028.00
x/y:  225.0/ 155.0:   45808.00
x/y:  225.0/ 165.0:   54113.00
x/y:  225.0/ 175.0:   49672.00
x/y:  225.0/ 185.0:   95392.00
x/y:  225.0/ 195.0:   98973.00
x/y:  225.0/ 205.0:   92327.00
x/y:  225.0/ 210.0:  101706.00
x/y:  225.0/ 215.0:  104888.00
x/y:  225.0/ 217.5:   90283.00
x/y:  250.0/   0.0:   52844.00
x/y:  250.0/  25.0:   49515.00
x/y:  250.0/  50.0:   50837.00
x/y:  250.0/  75.0:   52521.00
x/y:  250.0/ 100.0:   56058.00
x/y:  250.0/ 110.0:   48281.00
x/y:  250.0/ 120.0:   52583.00
x/y:  250.0/ 130.0:   51469.00
x/y:  250.0/ 140.0:   47645.00
x/y:  250.0/ 150.0:   46369.00
x/y:  250.0/ 160.0:   53145.00
x/y:  250.0/ 170.0:   51814.00
x/y:  250.0/ 180.0:   57329.00
x/y:  250.0/ 190.0:   51550.00
x/y:  250.0/ 200.0:   53785.00
x/y:  250.0/ 210.0:   98622.00
x/y:  250.0/ 220.0:   96546.00
x/y:  250.0/ 230.0:  100857.00
x/y:  250.0/ 235.0:   96713.00
x/y:  250.0/ 240.0:  109620.00
x/y:  250.0/ 242.5:  102563.00
x/y:  275.0/   0.0:   47790.00
x/y:  275.0/  25.0:   46068.00
x/y:  275.0/  50.0:   48993.00
x/y:  275.0/  75.0:   47948.00
x/y:  275.0/ 100.0:   45096.00
x/y:  275.0/ 125.0:   52452.00
x/y:  275.0/ 135.0:   49314.00
x/y:  275.0/ 145.0:   50589.00
x/y:  275.0/ 155.0:   43857.00
x/y:  275.0/ 165.0:   48320.00
x/y:  275.0/ 175.0:   52818.00
x/y:  275.0/ 185.0:   52812.00
x/y:  275.0/ 195.0:   49505.00
x/y:  275.0/ 205.0:   48297.00
x/y:  275.0/ 215.0:   52417.00
x/y:  275.0/ 225.0:   51519.00
x/y:  275.0/ 235.0:   93976.00
x/y:  275.0/ 245.0:  100238.00
x/y:  275.0/ 255.0:   98646.00
x/y:  275.0/ 260.0:   97386.00
x/y:  275.0/ 265.0:  104508.00
x/y:  275.0/ 267.5:   96019.00
x/y:  300.0/   0.0:   61680.00
x/y:  300.0/  25.0:   51074.00
x/y:  300.0/  50.0:   44381.00
x/y:  300.0/  75.0:   48357.00
x/y:  300.0/ 100.0:   47667.00
x/y:  300.0/ 125.0:   50493.00
x/y:  300.0/ 150.0:   47954.00
x/y:  300.0/ 160.0:   54127.00
x/y:  300.0/ 170.0:   47893.00
x/y:  300.0/ 180.0:   42281.00
x/y:  300.0/ 190.0:   46681.00
x/y:  300.0/ 200.0:   49373.00
x/y:  300.0/ 210.0:   49439.00
x/y:  300.0/ 220.0:   46643.00
x/y:  300.0/ 230.0:   45567.00
x/y:  300.0/ 240.0:   45812.00
x/y:  300.0/ 250.0:   45422.00
x/y:  300.0/ 260.0:   96819.00
x/y:  300.0/ 270.0:  100810.00
x/y:  300.0/ 280.0:   91639.00
x/y:  300.0/ 285.0:   99656.00
x/y:  300.0/ 290.0:   96830.00
x/y:  300.0/ 292.5:   95215.00
x/y:  325.0/   0.0:   43409.00
x/y:  325.0/  25.0:   46453.00
x/y:  325.0/  50.0:   44466.00
x/y:  325.0/  75.0:   49696.00
x/y:  325.0/ 100.0:   46748.00
x/y:  325.0/ 125.0:   49815.00
x/y:  325.0/ 150.0:   48574.00
x/y:  325.0/ 175.0:   49186.00
x/y:  325.0/ 185.0:   46795.00
x/y:  325.0/ 195.0:   50168.00
x/y:  325.0/ 205.0:   56515.00
x/y:  325.0/ 215.0:   48608.00
x/y:  325.0/ 225.0:   44911.00
x/y:  325.0/ 235.0:   51057.00
x/y:  325.0/ 245.0:   48929.00
x/y:  325.0/ 255.0:   47024.00
x/y:  325.0/ 265.0:   50451.00
x/y:  325.0/ 275.0:   45616.00
x/y:  325.0/ 285.0:   97628.00
x/y:  325.0/ 295.0:   96529.00
x/y:  350.0/   0.0:   50868.00
x/y:  350.0/  25.0:   48561.00
x/y:  350.0/  50.0:   54732.00
x/y:  350.0/  75.0:   48626.00
x/y:  350.0/ 100.0:   50736.00
x/y:  350.0/ 125.0:   54948.00
x/y:  350.0/ 150.0:   46394.00
x/y:  350.0/ 175.0:   52684.00
x/y:  350.0/ 200.0:   49976.00
x/y:  350.0/ 210.0:   54887.00
x/y:  350.0/ 220.0:   49810.00
x/y:  350.0/ 230.0:   54515.00
x/y:  350.0/ 240.0:   49980.00
x/y:  350.0/ 250.0:   51007.00
x/y:  350.0/ 260.0:   49991.00
x/y:  350.0/ 270.0:   52762.00
x/y:  350.0/ 280.0:   51530.00
x/y:  350.0/ 290.0:   49630.00
x/y:  350.0/ 300.0:   47968.00
x/y:  375.0/   0.0:   49719.00
x/y:  375.0/  25.0:   49488.00
x/y:  375.0/  50.0:   47229.00
x/y:  375.0/  75.0:   48570.00
x/y:  375.0/ 100.0:   56434.00
x/y:  375.0/ 125.0:   49726.00
x/y:  375.0/ 150.0:   45516.00
x/y:  375.0/ 175.0:   48279.00
x/y:  375.0/ 200.0:   48266.00
x/y:  375.0/ 225.0:   47270.00
x/y:  375.0/ 235.0:   53028.00
x/y:  375.0/ 245.0:   51997.00
x/y:  375.0/ 255.0:   47545.00
x/y:  375.0/ 265.0:   50023.00
x/y:  375.0/ 275.0:   47780.00
x/y:  375.0/ 285.0:   49280.00
x/y:  375.0/ 295.0:   52984.00
x/y:  400.0/   0.0:   49853.00
x/y:  400.0/  25.0:   52955.00
x/y:  400.0/  50.0:   50112.00
x/y:  400.0/  75.0:   48697.00
x/y:  400.0/ 100.0:   45291.00
x/y:  400.0/ 125.0:   53093.00
x/y:  400.0/ 150.0:   52078.00
x/y:  400.0/ 175.0:   53156.00
x/y:  400.0/ 200.0:   43640.00
x/y:  400.0/ 225.0:   47522.00
x/y:  400.0/ 250.0:   47842.00
x/y:  400.0/ 260.0:   46638.00
x/y:  400.0/ 270.0:   51139.00
x/y:  400.0/ 280.0:   47953.00
x/y:  400.0/ 290.0:   49912.00
x/y:  400.0/ 300.0:   49038.00
x/y:  425.0/   0.0:   52239.00
x/y:  425.0/  25.0:   45682.00
x/y:  425.0/  50.0:   46830.00
x/y:  425.0/  75.0:   50830.00
x/y:  425.0/ 100.0:   52329.00
x/y:  425.0/ 125.0:   50289.00
x/y:  425.0/ 150.0:   47814.00
x/y:  425.0/ 175.0:   49608.00
x/y:  425.0/ 200.0:   48869.00
x/y:  425.0/ 225.0:   45873.00
x/y:  425.0/ 250.0:   50988.00
x/y:  425.0/ 275.0:   43626.00
x/y:  425.0/ 285.0:   48507.00
x/y:  425.0/ 295.0:   49636.00
x/y:  450.0/   0.0:   50190.00
x/y:  450.0/  25.0:   46659.00
x/y:  450.0/  50.0:   49986.00
x/y:  450.0/  75.0:   43435.00
x/y:  450.0/ 100.0:   41988.00
x/y:  450.0/ 125.0:   45159.00
x/y:  450.0/ 150.0:   48522.00
x/y:  450.0/ 175.0:   48948.00
x/y:  450.0/ 200.0:   46731.00
x/y:  450.0/ 225.0:   43702.00
x/y:  450.0/ 250.0:   52556.00
x/y:  450.0/ 275.0:   45010.00
x/y:  450.0/ 300.0:   48213.00
x/y:  475.0/   0.0:   51122.00
x/y:  475.0/  25.0:   54677.00
x/y:  475.0/  50.0:   53975.00
x/y:  475.0/  75.0:   52821.00
x/y:  475.0/ 100.0:   49782.00
x/y:  475.0/ 125.0:   49751.00
x/y:  475.0/ 150.0:   52395.00
x/y:  475.0/ 175.0:   47413.00
x/y:  475.0/ 200.0:   45533.00
x/y:  475.0/ 225.0:   53866.00
x/y:  475.0/ 250.0:   49869.00
x/y:  475.0/ 275.0:   47679.00
x/y:  475.0/ 300.0:   55355.00
x/y:  500.0/   0.0:   50265.00
x/y:  500.0/  25.0:   49765.00
x/y:  500.0/  50.0:   50208.00
x/y:  500.0/  75.0:   50546.00
x/y:  500.0/ 100.0:   54651.00
x/y:  500.0/ 125.0:   47174.00
x/y:  500.0/ 150.0:   49512.00
x/y:  500.0/ 175.0:   50061.00
x/y:  500.0/ 200.0:   52070.00
x/y:  500.0/ 225.0:   52099.00
x/y:  500.0/ 250.0:   53179.00
x/y:  500.0/ 275.0:   44893.00
x/y:  500.0/ 300.0:   53245.00
x/y:  525.0/   0.0:   49934.00
x/y:  525.0/  25.0:   57949.00
x/y:  525.0/  50.0:   47007.00
x/y:  525.0/  75.0:   51261.00
x/y:  525.0/ 100.0:   51812.00
x/y:  525.0/ 125.0:   49962.00
x/y:  525.0/ 150.0:   52523.00
x/y:  525.0/ 175.0:   51931.00
x/y:  525.0/ 200.0:   48749.00
x/y:  525.0/ 225.0:   48722.00
x/y:  525.0/ 250.0:   51492.00
x/y:  525.0/ 275.0:   48644.00
x/y:  525.0/ 300.0:   44589.00
x/y:  550.0/   0.0:   47859.00
x/y:  550.0/  25.0:   47946.00
x/y:  550.0/  50.0:   47363.00
x/y:  550.0/  75.0:   48800.00
x/y:  550.0/ 100.0:   48994.00
x/y:  550.0/ 125.0:   51273.00
x/y:  550.0/ 150.0:   47263.00
x/y:  550.0/ 175.0:   49192.00
x/y:  550.0/ 200.0:   48892.00
x/y:  550.0/ 225.0:   53873.00
x/y:  550.0/ 250.0:   44003.00
x/y:  550.0/ 275.0:   48130.00
x/y:  550.0/ 300.0:   50420.00
x/y:  575.0/   0.0:   48741.00
x/y:  575.0/  25.0:   49159.00
x/y:  575.0/  50.0:   49769.00
x/y:  575.0/  75.0:   48598.00
x/y:  575.0/ 100.0:   49351.00
x/y:  575.0/ 125.0:   49747.00
x/y:  575.0/ 150.0:   51500.00
x/y:  575.0/ 175.0:   46285.00
x/y:  575.0/ 200.0:   52163.00
x/y:  575.0/ 225.0:   47415.00
x/y:  575.0/ 250.0:   51407.00
x/y:  575.0/ 275.0:   44997.00
x/y:  575.0/ 300.0:   55613.00
x/y:  600.0/   0.0:   43017.00
x/y:  600.0/  25.0:   50989.00
x/y:  600.0/  50.0:   49028.00
x/y:  600.0/  75.0:   44990.00
x/y:  600.0/ 100.0:   48163.00
x/y:  600.0/ 125.0:   51029.00
x/y:  600.0/ 150.0:   50036.00
x/y:  600.0/ 175.0:   44701.00
x/y:  600.0/ 200.0:   50728.00
x/y:  600.0/ 225.0:   50156.00
x/y:  600.0/ 250.0:   47813.00
x/y:  600.0/ 275.0:   51057.00
x/y:  600.0/ 300.0:   46318.00
x/y:  625.0/   0.0:   55632.00
x/y:  625.0/  25.0:   48937.00
x/y:  625.0/  50.0:   47903.00
x/y:  625.0/  75.0:   47120.00
x/y:  625.0/ 100.0:   54720.00
x/y:  625.0/ 125.0:   49154.00
x/y:  625.0/ 150.0:   47468.00
x/y:  625.0/ 175.0:   51501.00
x/y:  625.0/ 200.0:   49204.00
x/y:  625.0/ 225.0:   50162.00
x/y:  625.0/ 250.0:   47373.00
x/y:  625.0/ 275.0:   42445.00
x/y:  625.0/ 300.0:   50284.00
x/y:  650.0/   0.0:   49409.00
x/y:  650.0/  25.0:   50676.00
x/y:  650.0/  50.0:   48105.00
x/y:  650.0/  75.0:   48683.00
x/y:  650.0/ 100.0:   49753.00
x/y:  650.0/ 125.0:   46992.00
x/y:  650.0/ 150.0:   45778.00
x/y:  650.0/ 175.0:   47376.00
x/y:  650.0/ 200.0:   50169.00
x/y:  650.0/ 225.0:   50125.00
x/y:  650.0/ 250.0:   47695.00
x/y:  650.0/ 275.0:   45651.00
x/y:  650.0/ 300.0:   42100.00
x/y:  675.0/   0.0:   56435.00
x/y:  675.0/  25.0:   55087.00
x/y:  675.0/  50.0:   46619.00
x/y:  675.0/  75.0:   49516.00
x/y:  675.0/ 100.0:   49759.00
x/y:  675.0/ 125.0:   52158.00
x/y:  675.0/ 150.0:   49820.00
x/y:  675.0/ 175.0:   48228.00
x/y:  675.0/ 200.0:   48506.00
x/y:  675.0/ 225.0:   50334.00
x/y:  675.0/ 250.0:   47149.00
x/y:  675.0/ 275.0:   53332.00
x/y:  675.0/ 300.0:   51512.00
x/y:  700.0/   0.0:   46748.00
x/y:  700.0/  25.0:   51533.00
x/y:  700.0/  50.0:   50275.00
x/y:  700.0/  75.0:   48221.00
x/y:  700.0/ 100.0:   50172.00
x/y:  700.0/ 125.0:   55421.00
x/y:  700.0/ 150.0:   50108.00
x/y:  700.0/ 175.0:   53816.00
x/y:  700.0/ 200.0:   45388.00
x/y:  700.0/ 225.0:   49551.00
x/y:  700.0/ 250.0:   50720.00
x/y:  700.0/ 275.0:   51472.00
x/y:  700.0/ 300.0:   51175.00
