
Processing getTH2Content.cpp("/uscmst1b_scratch/lpc1/3DayLifetime/bschneid/production239_merged/TChiWZ_Delphes_v10.root", "susy_masses")...
x/y:  100.0/   0.0:   55364.00
x/y:  100.0/  10.0:   48701.00
x/y:  100.0/  20.0:   47902.00
x/y:  100.0/  30.0:   49276.00
x/y:  100.0/  40.0:   52585.00
x/y:  100.0/  50.0:   47275.00
x/y:  100.0/  60.0:   92294.00
x/y:  100.0/  70.0:   96688.00
x/y:  100.0/  80.0:   98147.00
x/y:  100.0/  85.0:  104636.00
x/y:  100.0/  90.0:  102220.00
x/y:  100.0/  92.5:  104274.00
x/y:  125.0/   5.0:   53169.00
x/y:  125.0/  15.0:   53845.00
x/y:  125.0/  25.0:   50240.00
x/y:  125.0/  35.0:   53846.00
x/y:  125.0/  45.0:   52303.00
x/y:  125.0/  55.0:   49702.00
x/y:  125.0/  65.0:   45892.00
x/y:  125.0/  75.0:   50056.00
x/y:  125.0/  85.0:  101512.00
x/y:  125.0/  95.0:   93857.00
x/y:  125.0/ 105.0:  100782.00
x/y:  125.0/ 110.0:   98274.00
x/y:  125.0/ 115.0:  100003.00
x/y:  125.0/ 117.5:  102513.00
x/y:  150.0/   0.0:   46563.00
x/y:  150.0/  10.0:   55687.00
x/y:  150.0/  20.0:   57042.00
x/y:  150.0/  30.0:   46376.00
x/y:  150.0/  40.0:   52560.00
x/y:  150.0/  50.0:   46060.00
x/y:  150.0/  60.0:   49035.00
x/y:  150.0/  70.0:   49369.00
x/y:  150.0/  80.0:   48850.00
x/y:  150.0/  90.0:   48009.00
x/y:  150.0/ 100.0:   42984.00
x/y:  150.0/ 110.0:   96737.00
x/y:  150.0/ 120.0:   99941.00
x/y:  150.0/ 130.0:   98147.00
x/y:  150.0/ 135.0:   96528.00
x/y:  150.0/ 140.0:  103280.00
x/y:  150.0/ 142.5:   93621.00
x/y:  175.0/   0.0:   42188.00
x/y:  175.0/  25.0:   54232.00
x/y:  175.0/  35.0:   48886.00
x/y:  175.0/  45.0:   48827.00
x/y:  175.0/  55.0:   51565.00
x/y:  175.0/  65.0:   50401.00
x/y:  175.0/  75.0:   53681.00
x/y:  175.0/  85.0:   48904.00
x/y:  175.0/  95.0:   50724.00
x/y:  175.0/ 105.0:   54764.00
x/y:  175.0/ 115.0:   49626.00
x/y:  175.0/ 125.0:   47813.00
x/y:  175.0/ 135.0:   91519.00
x/y:  175.0/ 145.0:   98267.00
x/y:  175.0/ 155.0:   97776.00
x/y:  175.0/ 160.0:   98833.00
x/y:  175.0/ 165.0:   96143.00
x/y:  175.0/ 167.5:  104606.00
x/y:  200.0/   0.0:   48054.00
x/y:  200.0/  25.0:   50482.00
x/y:  200.0/  50.0:   47973.00
x/y:  200.0/  60.0:   52659.00
x/y:  200.0/  70.0:   52170.00
x/y:  200.0/  80.0:   48662.00
x/y:  200.0/  90.0:   50193.00
x/y:  200.0/ 100.0:   47889.00
x/y:  200.0/ 110.0:   51155.00
x/y:  200.0/ 120.0:   54993.00
x/y:  200.0/ 130.0:   53680.00
x/y:  200.0/ 140.0:   45800.00
x/y:  200.0/ 150.0:   48040.00
x/y:  200.0/ 160.0:  104837.00
x/y:  200.0/ 170.0:   98743.00
x/y:  200.0/ 180.0:   99987.00
x/y:  200.0/ 185.0:   94251.00
x/y:  200.0/ 190.0:   91164.00
x/y:  200.0/ 192.5:  102585.00
x/y:  225.0/   0.0:   49943.00
x/y:  225.0/  25.0:   53523.00
x/y:  225.0/  50.0:   51343.00
x/y:  225.0/  75.0:   45143.00
x/y:  225.0/  85.0:   48577.00
x/y:  225.0/  95.0:   55338.00
x/y:  225.0/ 105.0:   53694.00
x/y:  225.0/ 115.0:   48149.00
x/y:  225.0/ 125.0:   53284.00
x/y:  225.0/ 135.0:   52201.00
x/y:  225.0/ 145.0:   52691.00
x/y:  225.0/ 155.0:   45808.00
x/y:  225.0/ 165.0:   54319.00
x/y:  225.0/ 175.0:   50197.00
x/y:  225.0/ 185.0:   96233.00
x/y:  225.0/ 195.0:  100061.00
x/y:  225.0/ 205.0:   92967.00
x/y:  225.0/ 210.0:  102146.00
x/y:  225.0/ 215.0:  105555.00
x/y:  225.0/ 217.5:   90923.00
x/y:  250.0/   0.0:   53215.00
x/y:  250.0/  25.0:   49716.00
x/y:  250.0/  50.0:   51698.00
x/y:  250.0/  75.0:   52733.00
x/y:  250.0/ 100.0:   56469.00
x/y:  250.0/ 110.0:   48693.00
x/y:  250.0/ 120.0:   52996.00
x/y:  250.0/ 130.0:   52087.00
x/y:  250.0/ 140.0:   48049.00
x/y:  250.0/ 150.0:   46916.00
x/y:  250.0/ 160.0:   53769.00
x/y:  250.0/ 170.0:   51814.00
x/y:  250.0/ 180.0:   57551.00
x/y:  250.0/ 190.0:   52185.00
x/y:  250.0/ 200.0:   54220.00
x/y:  250.0/ 210.0:   99464.00
x/y:  250.0/ 220.0:   97160.00
x/y:  250.0/ 230.0:  101500.00
x/y:  250.0/ 235.0:   97697.00
x/y:  250.0/ 240.0:  110048.00
x/y:  250.0/ 242.5:  102774.00
x/y:  275.0/   0.0:   47790.00
x/y:  275.0/  25.0:   46917.00
x/y:  275.0/  50.0:   49200.00
x/y:  275.0/  75.0:   48151.00
x/y:  275.0/ 100.0:   45096.00
x/y:  275.0/ 125.0:   52646.00
x/y:  275.0/ 135.0:   49524.00
x/y:  275.0/ 145.0:   50791.00
x/y:  275.0/ 155.0:   44267.00
x/y:  275.0/ 165.0:   48538.00
x/y:  275.0/ 175.0:   52818.00
x/y:  275.0/ 185.0:   53469.00
x/y:  275.0/ 195.0:   49912.00
x/y:  275.0/ 205.0:   48705.00
x/y:  275.0/ 215.0:   52611.00
x/y:  275.0/ 225.0:   51927.00
x/y:  275.0/ 235.0:   95022.00
x/y:  275.0/ 245.0:  101237.00
x/y:  275.0/ 255.0:   99060.00
x/y:  275.0/ 260.0:   97798.00
x/y:  275.0/ 265.0:  105732.00
x/y:  275.0/ 267.5:   96444.00
x/y:  300.0/   0.0:   62275.00
x/y:  300.0/  25.0:   51692.00
x/y:  300.0/  50.0:   44778.00
x/y:  300.0/  75.0:   48555.00
x/y:  300.0/ 100.0:   47869.00
x/y:  300.0/ 125.0:   50893.00
x/y:  300.0/ 150.0:   47954.00
x/y:  300.0/ 160.0:   54127.00
x/y:  300.0/ 170.0:   48313.00
x/y:  300.0/ 180.0:   43086.00
x/y:  300.0/ 190.0:   47290.00
x/y:  300.0/ 200.0:   49766.00
x/y:  300.0/ 210.0:   49638.00
x/y:  300.0/ 220.0:   46839.00
x/y:  300.0/ 230.0:   45774.00
x/y:  300.0/ 240.0:   45812.00
x/y:  300.0/ 250.0:   46029.00
x/y:  300.0/ 260.0:   97039.00
x/y:  300.0/ 270.0:  101633.00
x/y:  300.0/ 280.0:   92617.00
x/y:  300.0/ 285.0:  100050.00
x/y:  300.0/ 290.0:   97393.00
x/y:  300.0/ 292.5:   95808.00
x/y:  325.0/   0.0:   43605.00
x/y:  325.0/  25.0:   46857.00
x/y:  325.0/  50.0:   44859.00
x/y:  325.0/  75.0:   49904.00
x/y:  325.0/ 100.0:   46748.00
x/y:  325.0/ 125.0:   50225.00
x/y:  325.0/ 150.0:   48783.00
x/y:  325.0/ 175.0:   49580.00
x/y:  325.0/ 185.0:   47574.00
x/y:  325.0/ 195.0:   50560.00
x/y:  325.0/ 205.0:   57113.00
x/y:  325.0/ 215.0:   48805.00
x/y:  325.0/ 225.0:   44911.00
x/y:  325.0/ 235.0:   51841.00
x/y:  325.0/ 245.0:   49123.00
x/y:  325.0/ 255.0:   47024.00
x/y:  325.0/ 265.0:   50659.00
x/y:  325.0/ 275.0:   45804.00
x/y:  325.0/ 285.0:   98622.00
x/y:  325.0/ 295.0:   97322.00
x/y:  350.0/   0.0:   51265.00
x/y:  350.0/  25.0:   48946.00
x/y:  350.0/  50.0:   55107.00
x/y:  350.0/  75.0:   48795.00
x/y:  350.0/ 100.0:   51338.00
x/y:  350.0/ 125.0:   55527.00
x/y:  350.0/ 150.0:   46953.00
x/y:  350.0/ 175.0:   53058.00
x/y:  350.0/ 200.0:   49976.00
x/y:  350.0/ 210.0:   55687.00
x/y:  350.0/ 220.0:   49997.00
x/y:  350.0/ 230.0:   54689.00
x/y:  350.0/ 240.0:   50751.00
x/y:  350.0/ 250.0:   51217.00
x/y:  350.0/ 260.0:   50559.00
x/y:  350.0/ 270.0:   52960.00
x/y:  350.0/ 280.0:   51709.00
x/y:  350.0/ 290.0:   50037.00
x/y:  350.0/ 300.0:   48348.00
x/y:  375.0/   0.0:   50093.00
x/y:  375.0/  25.0:   49689.00
x/y:  375.0/  50.0:   47414.00
x/y:  375.0/  75.0:   48765.00
x/y:  375.0/ 100.0:   57005.00
x/y:  375.0/ 125.0:   50305.00
x/y:  375.0/ 150.0:   45707.00
x/y:  375.0/ 175.0:   48279.00
x/y:  375.0/ 200.0:   48863.00
x/y:  375.0/ 225.0:   47457.00
x/y:  375.0/ 235.0:   53779.00
x/y:  375.0/ 245.0:   52185.00
x/y:  375.0/ 255.0:   48287.00
x/y:  375.0/ 265.0:   50196.00
x/y:  375.0/ 275.0:   47780.00
x/y:  375.0/ 285.0:   49280.00
x/y:  375.0/ 295.0:   52984.00
x/y:  400.0/   0.0:   49853.00
x/y:  400.0/  25.0:   54029.00
x/y:  400.0/  50.0:   50322.00
x/y:  400.0/  75.0:   48884.00
x/y:  400.0/ 100.0:   45483.00
x/y:  400.0/ 125.0:   53471.00
x/y:  400.0/ 150.0:   52644.00
x/y:  400.0/ 175.0:   53557.00
x/y:  400.0/ 200.0:   43835.00
x/y:  400.0/ 225.0:   48112.00
x/y:  400.0/ 250.0:   47842.00
x/y:  400.0/ 260.0:   46638.00
x/y:  400.0/ 270.0:   51298.00
x/y:  400.0/ 280.0:   47953.00
x/y:  400.0/ 290.0:   49912.00
x/y:  400.0/ 300.0:   49223.00
x/y:  425.0/   0.0:   52239.00
x/y:  425.0/  25.0:   45889.00
x/y:  425.0/  50.0:   46830.00
x/y:  425.0/  75.0:   51010.00
x/y:  425.0/ 100.0:   52903.00
x/y:  425.0/ 125.0:   50669.00
x/y:  425.0/ 150.0:   47814.00
x/y:  425.0/ 175.0:   49788.00
x/y:  425.0/ 200.0:   49433.00
x/y:  425.0/ 225.0:   46254.00
x/y:  425.0/ 250.0:   51189.00
x/y:  425.0/ 275.0:   43820.00
x/y:  425.0/ 285.0:   48881.00
x/y:  425.0/ 295.0:   49814.00
x/y:  450.0/   0.0:   50572.00
x/y:  450.0/  25.0:   47392.00
x/y:  450.0/  50.0:   50761.00
x/y:  450.0/  75.0:   44156.00
x/y:  450.0/ 100.0:   42178.00
x/y:  450.0/ 125.0:   45741.00
x/y:  450.0/ 150.0:   48704.00
x/y:  450.0/ 175.0:   49148.00
x/y:  450.0/ 200.0:   46731.00
x/y:  450.0/ 225.0:   43884.00
x/y:  450.0/ 250.0:   53112.00
x/y:  450.0/ 275.0:   45010.00
x/y:  450.0/ 300.0:   48600.00
x/y:  475.0/   0.0:   51850.00
x/y:  475.0/  25.0:   55423.00
x/y:  475.0/  50.0:   54854.00
x/y:  475.0/  75.0:   53400.00
x/y:  475.0/ 100.0:   50121.00
x/y:  475.0/ 125.0:   49957.00
x/y:  475.0/ 150.0:   52926.00
x/y:  475.0/ 175.0:   48134.00
x/y:  475.0/ 200.0:   46269.00
x/y:  475.0/ 225.0:   54051.00
x/y:  475.0/ 250.0:   50049.00
x/y:  475.0/ 275.0:   48198.00
x/y:  475.0/ 300.0:   55534.00
x/y:  500.0/   0.0:   50451.00
x/y:  500.0/  25.0:   49930.00
x/y:  500.0/  50.0:   50388.00
x/y:  500.0/  75.0:   51276.00
x/y:  500.0/ 100.0:   54839.00
x/y:  500.0/ 125.0:   47576.00
x/y:  500.0/ 150.0:   49689.00
x/y:  500.0/ 175.0:   50242.00
x/y:  500.0/ 200.0:   52070.00
x/y:  500.0/ 225.0:   52813.00
x/y:  500.0/ 250.0:   53179.00
x/y:  500.0/ 275.0:   45079.00
x/y:  500.0/ 300.0:   53433.00
x/y:  525.0/   0.0:   50278.00
x/y:  525.0/  25.0:   58318.00
x/y:  525.0/  50.0:   47700.00
x/y:  525.0/  75.0:   51631.00
x/y:  525.0/ 100.0:   51812.00
x/y:  525.0/ 125.0:   49962.00
x/y:  525.0/ 150.0:   52523.00
x/y:  525.0/ 175.0:   51931.00
x/y:  525.0/ 200.0:   48907.00
x/y:  525.0/ 225.0:   48909.00
x/y:  525.0/ 250.0:   51862.00
x/y:  525.0/ 275.0:   48644.00
x/y:  525.0/ 300.0:   45262.00
x/y:  550.0/   0.0:   47859.00
x/y:  550.0/  25.0:   48487.00
x/y:  550.0/  50.0:   47724.00
x/y:  550.0/  75.0:   48800.00
x/y:  550.0/ 100.0:   49368.00
x/y:  550.0/ 125.0:   51993.00
x/y:  550.0/ 150.0:   47263.00
x/y:  550.0/ 175.0:   49728.00
x/y:  550.0/ 200.0:   49259.00
x/y:  550.0/ 225.0:   54053.00
x/y:  550.0/ 250.0:   44382.00
x/y:  550.0/ 275.0:   48308.00
x/y:  550.0/ 300.0:   50775.00
x/y:  575.0/   0.0:   49429.00
x/y:  575.0/  25.0:   49523.00
x/y:  575.0/  50.0:   50111.00
x/y:  575.0/  75.0:   48968.00
x/y:  575.0/ 100.0:   49351.00
x/y:  575.0/ 125.0:   49747.00
x/y:  575.0/ 150.0:   51667.00
x/y:  575.0/ 175.0:   46285.00
x/y:  575.0/ 200.0:   52530.00
x/y:  575.0/ 225.0:   47588.00
x/y:  575.0/ 250.0:   52119.00
x/y:  575.0/ 275.0:   44997.00
x/y:  575.0/ 300.0:   55792.00
x/y:  600.0/   0.0:   43151.00
x/y:  600.0/  25.0:   51157.00
x/y:  600.0/  50.0:   49196.00
x/y:  600.0/  75.0:   45550.00
x/y:  600.0/ 100.0:   48496.00
x/y:  600.0/ 125.0:   51395.00
x/y:  600.0/ 150.0:   50380.00
x/y:  600.0/ 175.0:   44880.00
x/y:  600.0/ 200.0:   51401.00
x/y:  600.0/ 225.0:   50487.00
x/y:  600.0/ 250.0:   48393.00
x/y:  600.0/ 275.0:   51057.00
x/y:  600.0/ 300.0:   46647.00
x/y:  625.0/   0.0:   55632.00
x/y:  625.0/  25.0:   49963.00
x/y:  625.0/  50.0:   48232.00
x/y:  625.0/  75.0:   47608.00
x/y:  625.0/ 100.0:   55066.00
x/y:  625.0/ 125.0:   49672.00
x/y:  625.0/ 150.0:   48152.00
x/y:  625.0/ 175.0:   52065.00
x/y:  625.0/ 200.0:   49546.00
x/y:  625.0/ 225.0:   51058.00
x/y:  625.0/ 250.0:   47532.00
x/y:  625.0/ 275.0:   43138.00
x/y:  625.0/ 300.0:   51360.00
x/y:  650.0/   0.0:   49761.00
x/y:  650.0/  25.0:   51032.00
x/y:  650.0/  50.0:   48606.00
x/y:  650.0/  75.0:   49341.00
x/y:  650.0/ 100.0:   50076.00
x/y:  650.0/ 125.0:   47163.00
x/y:  650.0/ 150.0:   45950.00
x/y:  650.0/ 175.0:   48049.00
x/y:  650.0/ 200.0:   50338.00
x/y:  650.0/ 225.0:   50125.00
x/y:  650.0/ 250.0:   48509.00
x/y:  650.0/ 275.0:   45825.00
x/y:  650.0/ 300.0:   42611.00
x/y:  675.0/   0.0:   57283.00
x/y:  675.0/  25.0:   55430.00
x/y:  675.0/  50.0:   46976.00
x/y:  675.0/  75.0:   49702.00
x/y:  675.0/ 100.0:   49929.00
x/y:  675.0/ 125.0:   52699.00
x/y:  675.0/ 150.0:   50008.00
x/y:  675.0/ 175.0:   48581.00
x/y:  675.0/ 200.0:   48506.00
x/y:  675.0/ 225.0:   50843.00
x/y:  675.0/ 250.0:   47322.00
x/y:  675.0/ 275.0:   53507.00
x/y:  675.0/ 300.0:   51692.00
x/y:  700.0/   0.0:   47397.00
x/y:  700.0/  25.0:   51533.00
x/y:  700.0/  50.0:   50433.00
x/y:  700.0/  75.0:   48690.00
x/y:  700.0/ 100.0:   50350.00
x/y:  700.0/ 125.0:   55735.00
x/y:  700.0/ 150.0:   50797.00
x/y:  700.0/ 175.0:   54183.00
x/y:  700.0/ 200.0:   45922.00
x/y:  700.0/ 225.0:   49551.00
x/y:  700.0/ 250.0:   51232.00
x/y:  700.0/ 275.0:   51472.00
x/y:  700.0/ 300.0:   51518.00
